[02-Sep-2020 10:08:11] NOTICE: fpm is running, pid 64744
[02-Sep-2020 10:08:11] NOTICE: ready to handle connections
[02-Sep-2020 10:13:30] NOTICE: Terminating ...
[02-Sep-2020 10:13:30] NOTICE: Terminating ...
[02-Sep-2020 10:13:30] NOTICE: exiting, bye-bye!
[02-Sep-2020 10:13:55] NOTICE: fpm is running, pid 64996
[02-Sep-2020 10:13:55] NOTICE: ready to handle connections
[02-Sep-2020 10:45:14] NOTICE: Terminating ...
[02-Sep-2020 10:45:14] NOTICE: Terminating ...
[02-Sep-2020 10:45:14] NOTICE: exiting, bye-bye!
[02-Sep-2020 10:45:19] NOTICE: fpm is running, pid 65480
[02-Sep-2020 10:45:19] NOTICE: ready to handle connections
[04-Sep-2020 08:20:17] NOTICE: Terminating ...
[04-Sep-2020 08:20:17] NOTICE: Terminating ...
[04-Sep-2020 08:20:17] NOTICE: exiting, bye-bye!
[07-Sep-2020 06:28:29] NOTICE: fpm is running, pid 76404
[07-Sep-2020 06:28:29] NOTICE: ready to handle connections
[09-Sep-2020 06:05:32] NOTICE: Terminating ...
[09-Sep-2020 06:05:32] NOTICE: Terminating ...
[09-Sep-2020 06:05:32] NOTICE: exiting, bye-bye!
[09-Sep-2020 06:26:52] NOTICE: fpm is running, pid 92906
[09-Sep-2020 06:26:52] NOTICE: ready to handle connections
[09-Sep-2020 06:39:18] NOTICE: Terminating ...
[09-Sep-2020 06:39:19] NOTICE: Terminating ...
[09-Sep-2020 06:39:19] NOTICE: exiting, bye-bye!
[09-Sep-2020 06:41:43] NOTICE: fpm is running, pid 93311
[09-Sep-2020 06:41:43] NOTICE: ready to handle connections
[09-Sep-2020 06:55:56] NOTICE: Terminating ...
[09-Sep-2020 06:55:56] NOTICE: Terminating ...
[09-Sep-2020 06:55:56] NOTICE: exiting, bye-bye!
[09-Sep-2020 11:38:53] NOTICE: fpm is running, pid 95825
[09-Sep-2020 11:38:53] NOTICE: ready to handle connections
[10-Sep-2020 17:33:47] NOTICE: Terminating ...
[10-Sep-2020 17:33:47] NOTICE: Terminating ...
[10-Sep-2020 17:33:47] NOTICE: exiting, bye-bye!
[21-Sep-2020 07:16:18] NOTICE: fpm is running, pid 2460
[21-Sep-2020 07:16:18] NOTICE: ready to handle connections
[21-Sep-2020 07:16:25] NOTICE: Terminating ...
[21-Sep-2020 07:16:25] NOTICE: Terminating ...
[21-Sep-2020 07:16:25] NOTICE: exiting, bye-bye!
[21-Sep-2020 07:16:40] NOTICE: fpm is running, pid 2564
[21-Sep-2020 07:16:40] NOTICE: ready to handle connections
[22-Sep-2020 06:42:46] NOTICE: Terminating ...
[22-Sep-2020 06:42:46] NOTICE: Terminating ...
[22-Sep-2020 06:42:46] NOTICE: exiting, bye-bye!
[22-Sep-2020 06:45:53] NOTICE: fpm is running, pid 8611
[22-Sep-2020 06:45:53] NOTICE: ready to handle connections
[22-Sep-2020 10:12:30] NOTICE: Terminating ...
[22-Sep-2020 10:12:30] NOTICE: Terminating ...
[22-Sep-2020 10:12:30] NOTICE: exiting, bye-bye!
[23-Sep-2020 05:43:14] NOTICE: fpm is running, pid 17999
[23-Sep-2020 05:43:14] NOTICE: ready to handle connections
[24-Sep-2020 08:05:13] NOTICE: Terminating ...
[24-Sep-2020 08:05:14] NOTICE: Terminating ...
[24-Sep-2020 08:05:14] NOTICE: exiting, bye-bye!
[05-Oct-2020 05:47:18] NOTICE: fpm is running, pid 18486
[05-Oct-2020 05:47:18] NOTICE: ready to handle connections
[06-Oct-2020 05:20:12] NOTICE: Terminating ...
[06-Oct-2020 05:20:12] NOTICE: Terminating ...
[06-Oct-2020 05:20:12] NOTICE: exiting, bye-bye!
[06-Oct-2020 05:20:35] NOTICE: fpm is running, pid 27574
[06-Oct-2020 05:20:35] NOTICE: ready to handle connections
[06-Oct-2020 08:03:52] NOTICE: Terminating ...
[06-Oct-2020 08:03:52] NOTICE: Terminating ...
[06-Oct-2020 08:03:52] NOTICE: exiting, bye-bye!
[06-Oct-2020 14:59:26] NOTICE: fpm is running, pid 32914
[06-Oct-2020 14:59:26] NOTICE: ready to handle connections
[08-Oct-2020 11:46:35] NOTICE: Terminating ...
[08-Oct-2020 11:46:35] NOTICE: Terminating ...
[08-Oct-2020 11:46:35] NOTICE: exiting, bye-bye!
[09-Oct-2020 06:15:51] NOTICE: fpm is running, pid 48494
[09-Oct-2020 06:15:51] NOTICE: ready to handle connections
